mobile/build/outputs/logs/manifest-merger-release-report.txt
-- Merging decision tree log ---
manifest
ADDED from src/main/AndroidManifest.xml:17:1-20:12
INJECTED from src/main/AndroidManifest.xml:17:1-20:12
INJECTED from src/main/AndroidManifest.xml:17:1-20:12
INJECTED from src/main/AndroidManifest.xml:17:1-20:12
MERGED from [:base-feature] AndroidManifest.xml:17:1-66:12
MERGED from [:shared-module] AndroidManifest.xml:17:1-25:12
MERGED from [com.android.billingclient:billing:1.0] AndroidManifest.xml:2:1-18:12
MERGED from [com.android.support:appcompat-v7:26.0.2] AndroidManifest.xml:17:1-31:12
MERGED from [com.android.support:cardview-v7:26.0.2] AndroidManifest.xml:17:1-28:12
MERGED from [com.android.support:recyclerview-v7:26.0.2] AndroidManifest.xml:17:1-28:12
MERGED from [com.android.support:animated-vector-drawable:26.0.2] AndroidManifest.xml:17:1-28:12
MERGED from [com.android.support:support-vector-drawable:26.0.2] AndroidManifest.xml:17:1-28:12
MERGED from [com.android.support:support-v4:26.0.2] AndroidManifest.xml:17:1-31:12
MERGED from [com.android.support:support-fragment:26.0.2] AndroidManifest.xml:17:1-31:12
MERGED from [com.android.support:support-core-ui:26.0.2] AndroidManifest.xml:17:1-31:12
MERGED from [com.android.support:support-media-compat:26.0.2] AndroidManifest.xml:17:1-31:12
MERGED from [com.android.support:support-core-utils:26.0.2] AndroidManifest.xml:17:1-31:12
MERGED from [com.android.support:support-compat:26.0.2] AndroidManifest.xml:17:1-31:12
INJECTED from src/main/AndroidManifest.xml:17:1-20:12
INJECTED from src/main/AndroidManifest.xml:17:1-20:12
INJECTED from src/main/AndroidManifest.xml:17:1-20:12
	package
		ADDED from src/main/AndroidManifest.xml:19:5-40
		INJECTED from src/main/AndroidManifest.xml
		INJECTED from src/main/AndroidManifest.xml
	android:versionName
		INJECTED from src/main/AndroidManifest.xml
		ADDED from src/main/AndroidManifest.xml:17:1-20:12
		INJECTED from src/main/AndroidManifest.xml
	android:versionCode
		INJECTED from src/main/AndroidManifest.xml
		ADDED from src/main/AndroidManifest.xml:17:1-20:12
		INJECTED from src/main/AndroidManifest.xml
	xmlns:android
		ADDED from src/main/AndroidManifest.xml:17:11-69
	android:targetSandboxVersion
		ADDED from src/main/AndroidManifest.xml:18:5-37
uses-sdk
INJECTED from src/main/AndroidManifest.xml reason: use-sdk injection requested
INJECTED from src/main/AndroidManifest.xml
INJECTED from src/main/AndroidManifest.xml
MERGED from [:base-feature] AndroidManifest.xml:24:5-26:41
MERGED from [:base-feature] AndroidManifest.xml:24:5-26:41
MERGED from [:shared-module] AndroidManifest.xml:21:5-23:41
MERGED from [:shared-module] AndroidManifest.xml:21:5-23:41
MERGED from [com.android.billingclient:billing:1.0] AndroidManifest.xml:5:5-7:41
MERGED from [com.android.billingclient:billing:1.0] AndroidManifest.xml:5:5-7:41
MERGED from [com.android.support:appcompat-v7:26.0.2] AndroidManifest.xml:21:5-23:78
MERGED from [com.android.support:appcompat-v7:26.0.2] AndroidManifest.xml:21:5-23:78
MERGED from [com.android.support:cardview-v7:26.0.2] AndroidManifest.xml:20:5-44
MERGED from [com.android.support:cardview-v7:26.0.2] AndroidManifest.xml:20:5-44
MERGED from [com.android.support:recyclerview-v7:26.0.2] AndroidManifest.xml:20:5-44
MERGED from [com.android.support:recyclerview-v7:26.0.2] AndroidManifest.xml:20:5-44
MERGED from [com.android.support:animated-vector-drawable:26.0.2] AndroidManifest.xml:20:5-44
MERGED from [com.android.support:animated-vector-drawable:26.0.2] AndroidManifest.xml:20:5-44
MERGED from [com.android.support:support-vector-drawable:26.0.2] AndroidManifest.xml:20:5-44
MERGED from [com.android.support:support-vector-drawable:26.0.2] AndroidManifest.xml:20:5-44
MERGED from [com.android.support:support-v4:26.0.2] AndroidManifest.xml:21:5-23:54
MERGED from [com.android.support:support-v4:26.0.2] AndroidManifest.xml:21:5-23:54
MERGED from [com.android.support:support-fragment:26.0.2] AndroidManifest.xml:21:5-23:60
MERGED from [com.android.support:support-fragment:26.0.2] AndroidManifest.xml:21:5-23:60
MERGED from [com.android.support:support-core-ui:26.0.2] AndroidManifest.xml:21:5-23:58
MERGED from [com.android.support:support-core-ui:26.0.2] AndroidManifest.xml:21:5-23:58
MERGED from [com.android.support:support-media-compat:26.0.2] AndroidManifest.xml:21:5-23:63
MERGED from [com.android.support:support-media-compat:26.0.2] AndroidManifest.xml:21:5-23:63
MERGED from [com.android.support:support-core-utils:26.0.2] AndroidManifest.xml:21:5-23:61
MERGED from [com.android.support:support-core-utils:26.0.2] AndroidManifest.xml:21:5-23:61
MERGED from [com.android.support:support-compat:26.0.2] AndroidManifest.xml:21:5-23:58
MERGED from [com.android.support:support-compat:26.0.2] AndroidManifest.xml:21:5-23:58
INJECTED from src/main/AndroidManifest.xml
INJECTED from src/main/AndroidManifest.xml
	tools:overrideLibrary
		ADDED from [com.android.support:appcompat-v7:26.0.2] AndroidManifest.xml:23:9-75
	android:targetSdkVersion
		INJECTED from src/main/AndroidManifest.xml
		ADDED from src/main/AndroidManifest.xml
		INJECTED from src/main/AndroidManifest.xml
	android:minSdkVersion
		INJECTED from src/main/AndroidManifest.xml
		ADDED from src/main/AndroidManifest.xml
		INJECTED from src/main/AndroidManifest.xml
application
ADDED from [:base-feature] AndroidManifest.xml:28:5-64:19
MERGED from [com.android.billingclient:billing:1.0] AndroidManifest.xml:11:5-16:19
MERGED from [com.android.billingclient:billing:1.0] AndroidManifest.xml:11:5-16:19
MERGED from [com.android.support:appcompat-v7:26.0.2] AndroidManifest.xml:25:5-29:19
MERGED from [com.android.support:appcompat-v7:26.0.2] AndroidManifest.xml:25:5-29:19
MERGED from [com.android.support:cardview-v7:26.0.2] AndroidManifest.xml:22:5-26:19
MERGED from [com.android.support:cardview-v7:26.0.2] AndroidManifest.xml:22:5-26:19
MERGED from [com.android.support:recyclerview-v7:26.0.2] AndroidManifest.xml:22:5-26:19
MERGED from [com.android.support:recyclerview-v7:26.0.2] AndroidManifest.xml:22:5-26:19
MERGED from [com.android.support:animated-vector-drawable:26.0.2] AndroidManifest.xml:22:5-26:19
MERGED from [com.android.support:animated-vector-drawable:26.0.2] AndroidManifest.xml:22:5-26:19
MERGED from [com.android.support:support-vector-drawable:26.0.2] AndroidManifest.xml:22:5-26:19
MERGED from [com.android.support:support-vector-drawable:26.0.2] AndroidManifest.xml:22:5-26:19
MERGED from [com.android.support:support-v4:26.0.2] AndroidManifest.xml:25:5-29:19
MERGED from [com.android.support:support-v4:26.0.2] AndroidManifest.xml:25:5-29:19
MERGED from [com.android.support:support-fragment:26.0.2] AndroidManifest.xml:25:5-29:19
MERGED from [com.android.support:support-fragment:26.0.2] AndroidManifest.xml:25:5-29:19
MERGED from [com.android.support:support-core-ui:26.0.2] AndroidManifest.xml:25:5-29:19
MERGED from [com.android.support:support-core-ui:26.0.2] AndroidManifest.xml:25:5-29:19
MERGED from [com.android.support:support-media-compat:26.0.2] AndroidManifest.xml:25:5-29:19
MERGED from [com.android.support:support-media-compat:26.0.2] AndroidManifest.xml:25:5-29:19
MERGED from [com.android.support:support-core-utils:26.0.2] AndroidManifest.xml:25:5-29:19
MERGED from [com.android.support:support-core-utils:26.0.2] AndroidManifest.xml:25:5-29:19
MERGED from [com.android.support:support-compat:26.0.2] AndroidManifest.xml:25:5-29:19
MERGED from [com.android.support:support-compat:26.0.2] AndroidManifest.xml:25:5-29:19
	android:screenOrientation
		ADDED from [:base-feature] AndroidManifest.xml:32:9-45
	android:supportsRtl
		ADDED from [:base-feature] AndroidManifest.xml:33:9-35
	android:label
		ADDED from [:base-feature] AndroidManifest.xml:31:9-41
	android:icon
		ADDED from [:base-feature] AndroidManifest.xml:30:9-45
	android:allowBackup
		ADDED from [:base-feature] AndroidManifest.xml:29:9-35
	android:theme
		ADDED from [:base-feature] AndroidManifest.xml:34:9-40
	tools:replace
		ADDED from [:base-feature] AndroidManifest.xml:35:9-37
activity#com.example.billingsample.TrivialDriveActivity
ADDED from [:base-feature] AndroidManifest.xml:36:9-63:20
	android:name
		ADDED from [:base-feature] AndroidManifest.xml:36:19-80
meta-data#default-url
ADDED from [:base-feature] AndroidManifest.xml:37:13-39:55
	android:value
		ADDED from [:base-feature] AndroidManifest.xml:39:17-52
	android:name
		ADDED from [:base-feature] AndroidManifest.xml:38:17-43
intent-filter#action:name:android.intent.action.MAIN+category:name:android.intent.category.DEFAULT+category:name:android.intent.category.LAUNCHER
ADDED from [:base-feature] AndroidManifest.xml:41:13-46:29
action#android.intent.action.MAIN
ADDED from [:base-feature] AndroidManifest.xml:42:17-69
	android:name
		ADDED from [:base-feature] AndroidManifest.xml:42:25-66
category#android.intent.category.DEFAULT
ADDED from [:base-feature] AndroidManifest.xml:44:17-76
	android:name
		ADDED from [:base-feature] AndroidManifest.xml:44:27-73
category#android.intent.category.LAUNCHER
ADDED from [:base-feature] AndroidManifest.xml:45:17-77
	android:name
		ADDED from [:base-feature] AndroidManifest.xml:45:27-74
intent-filter#action:name:android.intent.action.VIEW+category:name:android.intent.category.BROWSABLE+category:name:android.intent.category.DEFAULT+data:host:example.com+data:host:example.com+data:scheme:http+data:scheme:https
ADDED from [:base-feature] AndroidManifest.xml:47:13-62:29
	instant:order
		ADDED from [:base-feature] AndroidManifest.xml:50:17-34
	android:autoVerify
		ADDED from [:base-feature] AndroidManifest.xml:49:17-42
	xmlns:instant
		ADDED from [:base-feature] AndroidManifest.xml:48:17-71
action#android.intent.action.VIEW
ADDED from [:base-feature] AndroidManifest.xml:51:17-69
	android:name
		ADDED from [:base-feature] AndroidManifest.xml:51:25-66
category#android.intent.category.BROWSABLE
ADDED from [:base-feature] AndroidManifest.xml:54:17-78
	android:name
		ADDED from [:base-feature] AndroidManifest.xml:54:27-75
data
ADDED from [:base-feature] AndroidManifest.xml:56:17-58:45
	android:host
		ADDED from [:base-feature] AndroidManifest.xml:57:21-47
	android:scheme
		ADDED from [:base-feature] AndroidManifest.xml:58:21-42
uses-permission#com.android.vending.BILLING
ADDED from [com.android.billingclient:billing:1.0] AndroidManifest.xml:9:5-67
	android:name
		ADDED from [com.android.billingclient:billing:1.0] AndroidManifest.xml:9:22-64
activity#com.android.billingclient.api.ProxyBillingActivity
ADDED from [com.android.billingclient:billing:1.0] AndroidManifest.xml:12:9-15:75
	android:configChanges
		ADDED from [com.android.billingclient:billing:1.0] AndroidManifest.xml:14:13-96
	android:theme
		ADDED from [com.android.billingclient:billing:1.0] AndroidManifest.xml:15:13-72
	android:name
		ADDED from [com.android.billingclient:billing:1.0] AndroidManifest.xml:13:13-78
meta-data#android.support.VERSION
ADDED from [com.android.support:appcompat-v7:26.0.2] AndroidManifest.xml:26:9-28:38
MERGED from [com.android.support:cardview-v7:26.0.2] AndroidManifest.xml:23:9-25:38
MERGED from [com.android.support:cardview-v7:26.0.2] AndroidManifest.xml:23:9-25:38
MERGED from [com.android.support:recyclerview-v7:26.0.2] AndroidManifest.xml:23:9-25:38
MERGED from [com.android.support:recyclerview-v7:26.0.2] AndroidManifest.xml:23:9-25:38
MERGED from [com.android.support:animated-vector-drawable:26.0.2] AndroidManifest.xml:23:9-25:38
MERGED from [com.android.support:animated-vector-drawable:26.0.2] AndroidManifest.xml:23:9-25:38
MERGED from [com.android.support:support-vector-drawable:26.0.2] AndroidManifest.xml:23:9-25:38
MERGED from [com.android.support:support-vector-drawable:26.0.2] AndroidManifest.xml:23:9-25:38
MERGED from [com.android.support:support-v4:26.0.2] AndroidManifest.xml:26:9-28:38
MERGED from [com.android.support:support-v4:26.0.2] AndroidManifest.xml:26:9-28:38
MERGED from [com.android.support:support-fragment:26.0.2] AndroidManifest.xml:26:9-28:38
MERGED from [com.android.support:support-fragment:26.0.2] AndroidManifest.xml:26:9-28:38
MERGED from [com.android.support:support-core-ui:26.0.2] AndroidManifest.xml:26:9-28:38
MERGED from [com.android.support:support-core-ui:26.0.2] AndroidManifest.xml:26:9-28:38
MERGED from [com.android.support:support-media-compat:26.0.2] AndroidManifest.xml:26:9-28:38
MERGED from [com.android.support:support-media-compat:26.0.2] AndroidManifest.xml:26:9-28:38
MERGED from [com.android.support:support-core-utils:26.0.2] AndroidManifest.xml:26:9-28:38
MERGED from [com.android.support:support-core-utils:26.0.2] AndroidManifest.xml:26:9-28:38
MERGED from [com.android.support:support-compat:26.0.2] AndroidManifest.xml:26:9-28:38
MERGED from [com.android.support:support-compat:26.0.2] AndroidManifest.xml:26:9-28:38
	android:value
		ADDED from [com.android.support:appcompat-v7:26.0.2] AndroidManifest.xml:28:13-35
	android:name
		ADDED from [com.android.support:appcompat-v7:26.0.2] AndroidManifest.xml:27:13-51